<?xml version="1.0" encoding="UTF-8"?>
<testsuite xmlns:xsi="http://www.w3.org/2001/XMLSchema-instance" xsi:noNamespaceSchemaLocation="https://maven.apache.org/surefire/maven-surefire-plugin/xsd/surefire-test-report-3.0.xsd" version="3.0" name="TriangleTest" time="0.083" tests="2" errors="0" skipped="0" failures="0">
  <properties>
[...]
</properties>
  <testcase name="negativeSquareTest" classname="TriangleTest" time="0.033">
    <system-err><![CDATA[вер. 03, 2021 8:42:44 PM Triangle <init>
INFO: Triangle create with sides: 3.0, 4.0, 5.0
вер. 03, 2021 8:42:44 PM Triangle square
INFO: Triangle square: 6.0
]]></system-err>
  </testcase>
  <testcase name="squareTest" classname="TriangleTest" time="0.003">
    <system-err><![CDATA[вер. 03, 2021 8:42:44 PM Triangle <init>
INFO: Triangle create with sides: 3.0, 4.0, 5.0
вер. 03, 2021 8:42:44 PM Triangle square
INFO: Triangle square: 6.0
]]></system-err>
  </testcase>
</testsuite>